-------------------------------------------
Batch: 0
-------------------------------------------
+--------------------+-----+
|            customer|score|
+--------------------+-----+
|Craig.Spencer@tes...| -7.5|
|Jason.Staples@tes...| 15.5|
|Jerry.Jefferson@t...| -9.5|
|Frank.Gonzalez@te...| 39.5|
|Neeraj.Khatib@tes...| -5.0|
|Ashley.Fibonnaci@...| -2.5|
|Santosh.Clark@tes...| -5.0|
|Senthil.Aristotle...| -4.5|
|David.Jones@test.com| -1.0|
|Jerry.Olson@test.com| -2.0|
|Larry.Anderson@te...| -3.0|
|Jason.Ahmed@test.com| -3.0|
| Gail.Olson@test.com| -5.5|
| Ben.Khatib@test.com| -1.5|
| Ben.Harris@test.com| -3.0|
| Santosh.Wu@test.com| -3.0|
|  Dan.Abram@test.com| -1.0|
|Bobby.Lincoln@tes...| -8.5|
|Angie.Howard@test...| -1.0|
|Spencer.Fibonnaci...| -7.0|
+--------------------+-----+
only showing top 20 rows

-------------------------------------------
Batch: 1
-------------------------------------------
+--------------------+-----+
|            customer|score|
+--------------------+-----+
|Santosh.Clark@tes...| -4.5|
|Senthil.Aristotle...| -2.0|
|David.Jones@test.com| -2.0|
+--------------------+-----+

-------------------------------------------
Batch: 2
-------------------------------------------
+--------------------+-----+
|            customer|score|
+--------------------+-----+
|Jerry.Olson@test.com| -3.0|
+--------------------+-----+

-------------------------------------------
Batch: 3
-------------------------------------------
+--------------------+-----+
|            customer|score|
+--------------------+-----+
|Larry.Anderson@te...| -2.5|
+--------------------+-----+

-------------------------------------------
Batch: 4
-------------------------------------------
+--------------------+-----+
|            customer|score|
+--------------------+-----+
|Jason.Ahmed@test.com| -3.5|
+--------------------+-----+

-------------------------------------------
Batch: 5
-------------------------------------------
+-------------------+-----+
|           customer|score|
+-------------------+-----+
|Gail.Olson@test.com| -4.5|
+-------------------+-----+

-------------------------------------------
Batch: 6
-------------------------------------------
+-------------------+-----+
|           customer|score|
+-------------------+-----+
|Ben.Khatib@test.com| -2.5|
+-------------------+-----+

-------------------------------------------
Batch: 7
-------------------------------------------
+-------------------+-----+
|           customer|score|
+-------------------+-----+
|Ben.Harris@test.com| -2.0|
+-------------------+-----+

-------------------------------------------
Batch: 8
-------------------------------------------
+-------------------+-----+
|           customer|score|
+-------------------+-----+
|Santosh.Wu@test.com| -2.0|
+-------------------+-----+

-------------------------------------------
Batch: 9
-------------------------------------------
+------------------+-----+
|          customer|score|
+------------------+-----+
|Dan.Abram@test.com|-39.5|
+------------------+-----+

-------------------------------------------
Batch: 10
-------------------------------------------
+--------------------+-----+
|            customer|score|
+--------------------+-----+
|Bobby.Lincoln@tes...| 24.0|
+--------------------+-----+

-------------------------------------------
Batch: 11
-------------------------------------------
+--------------------+-----+
|            customer|score|
+--------------------+-----+
|Angie.Howard@test...|-15.0|
+--------------------+-----+

-------------------------------------------
Batch: 12
-------------------------------------------
+--------------------+-----+
|            customer|score|
+--------------------+-----+
|Spencer.Fibonnaci...|-15.5|
+--------------------+-----+

-------------------------------------------
Batch: 13
-------------------------------------------
+-------------------+-----+
|           customer|score|
+-------------------+-----+
|Jane.Jones@test.com|  1.0|
+-------------------+-----+

-------------------------------------------
Batch: 14
-------------------------------------------
+--------------------+-----+
|            customer|score|
+--------------------+-----+
|Senthil.Harris@te...| 19.0|
+--------------------+-----+

-------------------------------------------
Batch: 15
-------------------------------------------
+--------------------+-----+
|            customer|score|
+--------------------+-----+
|Trevor.Smith@test...|-10.5|
+--------------------+-----+

-------------------------------------------
Batch: 16
-------------------------------------------
+--------------------+-----+
|            customer|score|
+--------------------+-----+
|Jason.Davis@test.com|  1.0|
+--------------------+-----+

-------------------------------------------
Batch: 17
-------------------------------------------
+--------------------+-----+
|            customer|score|
+--------------------+-----+
|Bobby.Jackson@tes...| 13.0|
+--------------------+-----+

-------------------------------------------
Batch: 18
-------------------------------------------
+--------------------+-----+
|            customer|score|
+--------------------+-----+
|Lyn.Lincoln@test.com| -0.5|
+--------------------+-----+

-------------------------------------------
Batch: 19
-------------------------------------------
+--------------------+-----+
|            customer|score|
+--------------------+-----+
|Danny.Phillips@te...|-42.0|
+--------------------+-----+

-------------------------------------------
Batch: 20
-------------------------------------------
+--------------------+-----+
|            customer|score|
+--------------------+-----+
|Chris.Doshi@test.com|-36.5|
+--------------------+-----+

-------------------------------------------
Batch: 21
-------------------------------------------
+--------------------+-----+
|            customer|score|
+--------------------+-----+
|Craig.Spencer@tes...|  1.0|
+--------------------+-----+

-------------------------------------------
Batch: 22
-------------------------------------------
+--------------------+-----+
|            customer|score|
+--------------------+-----+
|Jason.Staples@tes...|-24.5|
+--------------------+-----+

-------------------------------------------
Batch: 23
-------------------------------------------
+--------------------+-----+
|            customer|score|
+--------------------+-----+
|Jerry.Jefferson@t...| 19.0|
+--------------------+-----+

-------------------------------------------
Batch: 24
-------------------------------------------
+--------------------+-----+
|            customer|score|
+--------------------+-----+
|Frank.Gonzalez@te...|-13.0|
+--------------------+-----+

-------------------------------------------
Batch: 25
-------------------------------------------
+--------------------+-----+
|            customer|score|
+--------------------+-----+
|Neeraj.Khatib@tes...|-14.5|
+--------------------+-----+

-------------------------------------------
Batch: 26
-------------------------------------------
+--------------------+-----+
|            customer|score|
+--------------------+-----+
|Ashley.Fibonnaci@...| -3.0|
+--------------------+-----+

-------------------------------------------
Batch: 27
-------------------------------------------
+--------------------+-----+
|            customer|score|
+--------------------+-----+
|Santosh.Clark@tes...| -3.0|
+--------------------+-----+

-------------------------------------------
Batch: 28
-------------------------------------------
+--------------------+-----+
|            customer|score|
+--------------------+-----+
|Senthil.Aristotle...| -2.0|
+--------------------+-----+

-------------------------------------------
Batch: 29
-------------------------------------------
+--------------------+-----+
|            customer|score|
+--------------------+-----+
|David.Jones@test.com| -3.0|
+--------------------+-----+

-------------------------------------------
Batch: 30
-------------------------------------------
+--------------------+-----+
|            customer|score|
+--------------------+-----+
|Jerry.Olson@test.com| -2.5|
+--------------------+-----+

-------------------------------------------
Batch: 31
-------------------------------------------
+--------------------+-----+
|            customer|score|
+--------------------+-----+
|Larry.Anderson@te...| -3.0|
+--------------------+-----+

-------------------------------------------
Batch: 32
-------------------------------------------
+--------------------+-----+
|            customer|score|
+--------------------+-----+
|Jason.Ahmed@test.com| -3.0|
+--------------------+-----+

-------------------------------------------
Batch: 33
-------------------------------------------
+-------------------+-----+
|           customer|score|
+-------------------+-----+
|Gail.Olson@test.com| -1.5|
+-------------------+-----+

-------------------------------------------
Batch: 34
-------------------------------------------
+-------------------+-----+
|           customer|score|
+-------------------+-----+
|Ben.Khatib@test.com| -2.5|
+-------------------+-----+

