Spark Command: /usr/lib/jvm/java-8-openjdk-amd64/jre/bin/java -cp /opt/spark-2.3.4-bin-hadoop2.7/conf/:/opt/spark-2.3.4-bin-hadoop2.7/jars/* -Xmx1g org.apache.spark.deploy.master.Master --host 53eda89c49aa --port 7077 --webui-port 8080
========================================
2021-02-19 17:57:11 INFO  Master:2612 - Started daemon with process name: 15800@53eda89c49aa
2021-02-19 17:57:11 INFO  SignalUtils:54 - Registered signal handler for TERM
2021-02-19 17:57:11 INFO  SignalUtils:54 - Registered signal handler for HUP
2021-02-19 17:57:11 INFO  SignalUtils:54 - Registered signal handler for INT
2021-02-19 17:57:12 WARN  NativeCodeLoader:62 - Unable to load native-hadoop library for your platform... using builtin-java classes where applicable
2021-02-19 17:57:13 INFO  SecurityManager:54 - Changing view acls to: root
2021-02-19 17:57:13 INFO  SecurityManager:54 - Changing modify acls to: root
2021-02-19 17:57:13 INFO  SecurityManager:54 - Changing view acls groups to: 
2021-02-19 17:57:13 INFO  SecurityManager:54 - Changing modify acls groups to: 
2021-02-19 17:57:13 INFO  SecurityManager:54 - SecurityManager: authentication disabled; ui acls disabled; users  with view permissions: Set(root); groups with view permissions: Set(); users  with modify permissions: Set(root); groups with modify permissions: Set()
2021-02-19 17:57:13 INFO  Utils:54 - Successfully started service 'sparkMaster' on port 7077.
2021-02-19 17:57:14 INFO  Master:54 - Starting Spark master at spark://53eda89c49aa:7077
2021-02-19 17:57:14 INFO  Master:54 - Running Spark version 2.3.4
2021-02-19 17:57:14 INFO  log:192 - Logging initialized @3992ms
2021-02-19 17:57:14 INFO  Server:351 - jetty-9.3.z-SNAPSHOT, build timestamp: unknown, git hash: unknown
2021-02-19 17:57:14 INFO  Server:419 - Started @4155ms
2021-02-19 17:57:14 INFO  AbstractConnector:278 - Started ServerConnector@65aff44d{HTTP/1.1,[http/1.1]}{0.0.0.0:8080}
2021-02-19 17:57:14 INFO  Utils:54 - Successfully started service 'MasterUI' on port 8080.
2021-02-19 17:57:14 INFO  ContextHandler:781 - Started o.s.j.s.ServletContextHandler@b5ab087{/app,null,AVAILABLE,@Spark}
2021-02-19 17:57:14 INFO  ContextHandler:781 - Started o.s.j.s.ServletContextHandler@7a7ede6e{/app/json,null,AVAILABLE,@Spark}
2021-02-19 17:57:14 INFO  ContextHandler:781 - Started o.s.j.s.ServletContextHandler@5ce5140f{/,null,AVAILABLE,@Spark}
2021-02-19 17:57:14 INFO  ContextHandler:781 - Started o.s.j.s.ServletContextHandler@29e5c2f2{/json,null,AVAILABLE,@Spark}
2021-02-19 17:57:14 INFO  ContextHandler:781 - Started o.s.j.s.ServletContextHandler@2564e40e{/static,null,AVAILABLE,@Spark}
2021-02-19 17:57:14 INFO  ContextHandler:781 - Started o.s.j.s.ServletContextHandler@31464050{/app/kill,null,AVAILABLE,@Spark}
2021-02-19 17:57:14 INFO  ContextHandler:781 - Started o.s.j.s.ServletContextHandler@79745568{/driver/kill,null,AVAILABLE,@Spark}
2021-02-19 17:57:14 INFO  MasterWebUI:54 - Bound MasterWebUI to 0.0.0.0, and started at http://53eda89c49aa:8080
2021-02-19 17:57:14 INFO  Server:351 - jetty-9.3.z-SNAPSHOT, build timestamp: unknown, git hash: unknown
2021-02-19 17:57:14 INFO  ContextHandler:781 - Started o.s.j.s.ServletContextHandler@54e08adc{/,null,AVAILABLE}
2021-02-19 17:57:14 INFO  AbstractConnector:278 - Started ServerConnector@6caba114{HTTP/1.1,[http/1.1]}{53eda89c49aa:6066}
2021-02-19 17:57:14 INFO  Server:419 - Started @4530ms
2021-02-19 17:57:14 INFO  Utils:54 - Successfully started service on port 6066.
2021-02-19 17:57:14 INFO  StandaloneRestServer:54 - Started REST server for submitting applications on port 6066
2021-02-19 17:57:15 INFO  ContextHandler:781 - Started o.s.j.s.ServletContextHandler@32094387{/metrics/master/json,null,AVAILABLE,@Spark}
2021-02-19 17:57:15 INFO  ContextHandler:781 - Started o.s.j.s.ServletContextHandler@366e23bf{/metrics/applications/json,null,AVAILABLE,@Spark}
2021-02-19 17:57:15 INFO  Master:54 - I have been elected leader! New state: ALIVE
2021-02-19 17:58:03 INFO  Master:54 - Registering worker 172.18.0.2:36575 with 2 cores, 6.3 GB RAM
